2025-07-13 18:33:17 [31merror[39m: MongooseServerSelectionError: Could not connect to any servers in your MongoDB Atlas cluster. One common reason is that you're trying to access the database from an IP that isn't whitelisted. Make sure your current IP address is on your Atlas cluster's IP whitelist: https://www.mongodb.com/docs/atlas/security-whitelist/
    at _handleConnectionErrors (C:\Users\USER\Documents\real_estate_app\backend\node_modules\mongoose\lib\connection.js:1165:11)
    at NativeConnection.openUri (C:\Users\USER\Documents\real_estate_app\backend\node_modules\mongoose\lib\connection.js:1096:11)
    at async connectToMongoDB (file:///C:/Users/USER/Documents/real_estate_app/backend/config/mongodb.config.js:23:5)
    at async startServer (file:///C:/Users/USER/Documents/real_estate_app/backend/index.js:87:21)
2025-07-18 19:26:12 [31merror[39m: 🔥Error:
2025-07-18 19:26:12 [31merror[39m: MongoServerSelectionError: connection <monitor> to 65.62.2.179:27017 timed out
    at Topology.selectServer (C:\Users\USER\Documents\real_estate_app\backend\node_modules\mongodb\lib\sdam\topology.js:326:38)
    at runNextTicks (node:internal/process/task_queues:65:5)
    at listOnTimeout (node:internal/timers:555:9)
    at process.processTimers (node:internal/timers:529:7)
    at async tryOperation (C:\Users\USER\Documents\real_estate_app\backend\node_modules\mongodb\lib\operations\execute_operation.js:192:22)
    at async executeOperation (C:\Users\USER\Documents\real_estate_app\backend\node_modules\mongodb\lib\operations\execute_operation.js:75:16)
    at async FindCursor._initialize (C:\Users\USER\Documents\real_estate_app\backend\node_modules\mongodb\lib\cursor\find_cursor.js:61:26)
    at async FindCursor.cursorInit (C:\Users\USER\Documents\real_estate_app\backend\node_modules\mongodb\lib\cursor\abstract_cursor.js:633:27)
    at async FindCursor.fetchBatch (C:\Users\USER\Documents\real_estate_app\backend\node_modules\mongodb\lib\cursor\abstract_cursor.js:667:13)
    at async FindCursor.next (C:\Users\USER\Documents\real_estate_app\backend\node_modules\mongodb\lib\cursor\abstract_cursor.js:347:17)
2025-07-18 19:26:12 [31merror[39m: 🔥Error:
2025-07-18 19:26:12 [31merror[39m: 🔥Error:
2025-07-18 19:26:12 [31merror[39m: MongoServerSelectionError: Socket 'secureConnect' timed out after 4119ms (connectTimeoutMS: 3000)
    at Topology.selectServer (C:\Users\USER\Documents\real_estate_app\backend\node_modules\mongodb\lib\sdam\topology.js:326:38)
    at runNextTicks (node:internal/process/task_queues:65:5)
    at listOnTimeout (node:internal/timers:555:9)
    at process.processTimers (node:internal/timers:529:7)
    at async tryOperation (C:\Users\USER\Documents\real_estate_app\backend\node_modules\mongodb\lib\operations\execute_operation.js:192:22)
    at async executeOperation (C:\Users\USER\Documents\real_estate_app\backend\node_modules\mongodb\lib\operations\execute_operation.js:75:16)
    at async FindCursor._initialize (C:\Users\USER\Documents\real_estate_app\backend\node_modules\mongodb\lib\cursor\find_cursor.js:61:26)
    at async FindCursor.cursorInit (C:\Users\USER\Documents\real_estate_app\backend\node_modules\mongodb\lib\cursor\abstract_cursor.js:633:27)
    at async FindCursor.fetchBatch (C:\Users\USER\Documents\real_estate_app\backend\node_modules\mongodb\lib\cursor\abstract_cursor.js:667:13)
    at async FindCursor.next (C:\Users\USER\Documents\real_estate_app\backend\node_modules\mongodb\lib\cursor\abstract_cursor.js:347:17)
2025-07-18 19:26:12 [31merror[39m: MongoServerSelectionError: Socket 'secureConnect' timed out after 4119ms (connectTimeoutMS: 3000)
    at Topology.selectServer (C:\Users\USER\Documents\real_estate_app\backend\node_modules\mongodb\lib\sdam\topology.js:326:38)
    at runNextTicks (node:internal/process/task_queues:65:5)
    at listOnTimeout (node:internal/timers:555:9)
    at process.processTimers (node:internal/timers:529:7)
    at async tryOperation (C:\Users\USER\Documents\real_estate_app\backend\node_modules\mongodb\lib\operations\execute_operation.js:192:22)
    at async executeOperation (C:\Users\USER\Documents\real_estate_app\backend\node_modules\mongodb\lib\operations\execute_operation.js:75:16)
    at async FindCursor._initialize (C:\Users\USER\Documents\real_estate_app\backend\node_modules\mongodb\lib\cursor\find_cursor.js:61:26)
    at async FindCursor.cursorInit (C:\Users\USER\Documents\real_estate_app\backend\node_modules\mongodb\lib\cursor\abstract_cursor.js:633:27)
    at async FindCursor.fetchBatch (C:\Users\USER\Documents\real_estate_app\backend\node_modules\mongodb\lib\cursor\abstract_cursor.js:667:13)
    at async FindCursor.next (C:\Users\USER\Documents\real_estate_app\backend\node_modules\mongodb\lib\cursor\abstract_cursor.js:347:17)
2025-07-18 19:26:16 [31merror[39m: MongoServerSelectionError: Socket 'secureConnect' timed out after 4119ms (connectTimeoutMS: 3000)
    at Topology.selectServer (C:\Users\USER\Documents\real_estate_app\backend\node_modules\mongodb\lib\sdam\topology.js:326:38)
    at async tryOperation (C:\Users\USER\Documents\real_estate_app\backend\node_modules\mongodb\lib\operations\execute_operation.js:145:18)
    at async executeOperation (C:\Users\USER\Documents\real_estate_app\backend\node_modules\mongodb\lib\operations\execute_operation.js:75:16)
    at async FindCursor._initialize (C:\Users\USER\Documents\real_estate_app\backend\node_modules\mongodb\lib\cursor\find_cursor.js:61:26)
    at async FindCursor.cursorInit (C:\Users\USER\Documents\real_estate_app\backend\node_modules\mongodb\lib\cursor\abstract_cursor.js:633:27)
    at async FindCursor.fetchBatch (C:\Users\USER\Documents\real_estate_app\backend\node_modules\mongodb\lib\cursor\abstract_cursor.js:667:13)
    at async FindCursor.next (C:\Users\USER\Documents\real_estate_app\backend\node_modules\mongodb\lib\cursor\abstract_cursor.js:347:17)
    at async Collection.findOne (C:\Users\USER\Documents\real_estate_app\backend\node_modules\mongodb\lib\collection.js:277:21)
    at async model.Query._findOne (C:\Users\USER\Documents\real_estate_app\backend\node_modules\mongoose\lib\query.js:2687:15)
    at async model.Query.exec (C:\Users\USER\Documents\real_estate_app\backend\node_modules\mongoose\lib\query.js:4604:63)
2025-07-18 19:28:12 [31merror[39m: MongooseServerSelectionError: Could not connect to any servers in your MongoDB Atlas cluster. One common reason is that you're trying to access the database from an IP that isn't whitelisted. Make sure your current IP address is on your Atlas cluster's IP whitelist: https://www.mongodb.com/docs/atlas/security-whitelist/
    at _handleConnectionErrors (C:\Users\USER\Documents\real_estate_app\backend\node_modules\mongoose\lib\connection.js:1165:11)
    at NativeConnection.openUri (C:\Users\USER\Documents\real_estate_app\backend\node_modules\mongoose\lib\connection.js:1096:11)
    at async connectToMongoDB (file:///C:/Users/USER/Documents/real_estate_app/backend/config/mongodb.config.js:23:5)
    at async startServer (file:///C:/Users/USER/Documents/real_estate_app/backend/index.js:87:21)
2025-07-18 19:28:25 [31merror[39m: MongooseError: Operation `users.findOne()` buffering timed out after 10000ms
    at Timeout.<anonymous> (C:\Users\USER\Documents\real_estate_app\backend\node_modules\mongoose\lib\drivers\node-mongodb-native\collection.js:187:23)
    at listOnTimeout (node:internal/timers:594:17)
    at process.processTimers (node:internal/timers:529:7)
